<?xml version="1.0" encoding="UTF-8"?>
<coverage generated="1644108902584" clover="3.2.0">
  <project timestamp="1644108902584" name="All files">
    <metrics statements="6" coveredstatements="6" conditionals="12" coveredconditionals="12" methods="2" coveredmethods="2" elements="20" coveredelements="20" complexity="0" loc="6" ncloc="6" packages="1" files="1" classes="1"/>
    <file name="index.tsx" path="/home/zblash/Desktop/riseup/personal-job-tracer/src/components/input/index.tsx">
      <metrics statements="6" coveredstatements="6" conditionals="12" coveredconditionals="12" methods="2" coveredmethods="2"/>
      <line num="1" count="1" type="stmt"/>
      <line num="16" count="1" type="stmt"/>
      <line num="18" count="3" type="stmt"/>
      <line num="21" count="3" type="stmt"/>
      <line num="39" count="1" type="stmt"/>
      <line num="53" count="1" type="stmt"/>
    </file>
  </project>
</coverage>
