{"/home/zblash/Desktop/riseup/personal-job-tracer/src/components/input/index.tsx": {"path":"/home/zblash/Desktop/riseup/personal-job-tracer/src/components/input/index.tsx","statementMap":{"0":{"start":{"line":1,"column":0},"end":{"line":1,"column":51}},"1":{"start":{"line":16,"column":16},"end":{"line":50,"column":null}},"2":{"start":{"line":18,"column":12},"end":{"line":18,"column":14}},"3":{"start":{"line":18,"column":23},"end":{"line":18,"column":25}},"4":{"start":{"line":18,"column":33},"end":{"line":18,"column":35}},"5":{"start":{"line":18,"column":49},"end":{"line":18,"column":51}},"6":{"start":{"line":18,"column":55},"end":{"line":18,"column":57}},"7":{"start":{"line":18,"column":65},"end":{"line":18,"column":67}},"8":{"start":{"line":18,"column":71},"end":{"line":18,"column":73}},"9":{"start":{"line":18,"column":87},"end":{"line":18,"column":89}},"10":{"start":{"line":18,"column":103},"end":{"line":18,"column":108}},"11":{"start":{"line":18,"column":112},"end":{"line":18,"column":null}},"12":{"start":{"line":21,"column":4},"end":{"line":49,"column":6}},"13":{"start":{"line":39,"column":12},"end":{"line":39,"column":35}},"14":{"start":{"line":53,"column":9},"end":{"line":53,"column":16}}},"fnMap":{"0":{"name":"(anonymous_4)","decl":{"start":{"line":17,"column":2},"end":{"line":17,"column":null}},"loc":{"start":{"line":19,"column":7},"end":{"line":50,"column":3}}},"1":{"name":"(anonymous_5)","decl":{"start":{"line":38,"column":20},"end":{"line":38,"column":21}},"loc":{"start":{"line":38,"column":21},"end":{"line":40,"column":11}}}},"branchMap":{"0":{"loc":{"start":{"line":22,"column":36},"end":{"line":22,"column":56}},"type":"binary-expr","locations":[{"start":{"line":22,"column":36},"end":{"line":22,"column":45}},{"start":{"line":22,"column":49},"end":{"line":22,"column":56}}]},"1":{"loc":{"start":{"line":23,"column":9},"end":{"line":26,"column":null}},"type":"binary-expr","locations":[{"start":{"line":23,"column":9},"end":{"line":23,"column":17}},{"start":{"line":24,"column":10},"end":{"line":25,"column":null}}]},"2":{"loc":{"start":{"line":31,"column":16},"end":{"line":31,"column":30}},"type":"binary-expr","locations":[{"start":{"line":31,"column":16},"end":{"line":31,"column":20}},{"start":{"line":31,"column":24},"end":{"line":31,"column":30}}]},"3":{"loc":{"start":{"line":34,"column":44},"end":{"line":34,"column":64}},"type":"binary-expr","locations":[{"start":{"line":34,"column":44},"end":{"line":34,"column":58}},{"start":{"line":34,"column":62},"end":{"line":34,"column":64}}]},"4":{"loc":{"start":{"line":37,"column":24},"end":{"line":37,"column":51}},"type":"cond-expr","locations":[{"start":{"line":37,"column":35},"end":{"line":37,"column":41}},{"start":{"line":37,"column":44},"end":{"line":37,"column":51}}]},"5":{"loc":{"start":{"line":43,"column":9},"end":{"line":46,"column":null}},"type":"binary-expr","locations":[{"start":{"line":43,"column":9},"end":{"line":43,"column":17}},{"start":{"line":44,"column":10},"end":{"line":45,"column":null}}]}},"s":{"0":1,"1":1,"2":3,"3":3,"4":3,"5":3,"6":3,"7":3,"8":3,"9":3,"10":3,"11":3,"12":3,"13":1,"14":1},"f":{"0":3,"1":1},"b":{"0":[3,3],"1":[3,1],"2":[3,2],"3":[3,3],"4":[1,2],"5":[3,1]}}
}
